Command line:
   program_counter_isim_beh.exe
     -simmode  gui
     -simrunnum  0
     -socket  57633

Sat Jan 06 08:36:39 2024


 Elaboration Time: 0.015625 sec

 Current Memory Usage: 5150.42 Meg

 Total Signals          : 6
 Total Nets             : 8
 Total Signal Drivers   : 3
 Total Blocks           : 4
 Total Primitive Blocks : 4
 Total Processes        : 2
 Total Traceable Variables  : 10
 Total Scalar Nets and Variables : 386
Total Line Count : 25

 Total Simulation Time: 0.046875 sec

 Current Memory Usage: 4993.13 Meg

Sat Jan 06 08:38:02 2024

